<?xml version="1.0" encoding="UTF-8"?>
<testsuites>
  <testsuite name="Data Tests" tests="10" assertions="28" failures="0" errors="0" time="0.162367">
    <testsuite name="AKlump\Data\DataTest" file="/Volumes/Data/Users/aklump/Code/Packages/php/data/Tests/DataTest.php" tests="10" assertions="28" failures="0" errors="0" time="0.162367">
      <testcase name="testEmptySubjectReturnsDefault" class="AKlump\Data\DataTest" file="/Volumes/Data/Users/aklump/Code/Packages/php/data/Tests/DataTest.php" line="10" assertions="1" time="0.010713"/>
      <testcase name="testPathAsNullThrows" class="AKlump\Data\DataTest" file="/Volumes/Data/Users/aklump/Code/Packages/php/data/Tests/DataTest.php" line="18" assertions="1" time="0.012046"/>
      <testcase name="testPathAsIntWorks" class="AKlump\Data\DataTest" file="/Volumes/Data/Users/aklump/Code/Packages/php/data/Tests/DataTest.php" line="23" assertions="1" time="0.011893"/>
      <testsuite name="AKlump\Data\DataTest::testGetArraysSimpleObjects" tests="6" assertions="24" failures="0" errors="0" time="0.103974">
        <testcase name="testGetArraysSimpleObjects with data set #0" assertions="4" time="0.017691"/>
        <testcase name="testGetArraysSimpleObjects with data set #1" assertions="4" time="0.012448"/>
        <testcase name="testGetArraysSimpleObjects with data set #2" assertions="4" time="0.020999"/>
        <testcase name="testGetArraysSimpleObjects with data set #3" assertions="4" time="0.016765"/>
        <testcase name="testGetArraysSimpleObjects with data set #4" assertions="4" time="0.021365"/>
        <testcase name="testGetArraysSimpleObjects with data set #5" assertions="4" time="0.014706"/>
      </testsuite>
      <testcase name="testObjectWithGetMethod" class="AKlump\Data\DataTest" file="/Volumes/Data/Users/aklump/Code/Packages/php/data/Tests/DataTest.php" line="93" assertions="1" time="0.023741"/>
    </testsuite>
  </testsuite>
</testsuites>
